_ _ _ _ _ _ _ _ 
_ _ _ r _ _ _ _ 
_ _ _ _ _ _ _ _ 
_ b _ _ _ _ _ _ 
_ _ _ _ _ _ _ _ 
_ _ _ _ _ _ _ _ 
_ _ P K P _ _ _ 
_ R _ _ N _ _ _ 
KingPos: (6, 3)
!!!!!!!Computing King States!!!!!

PieceType: grid
Possible Pieces:q
r
k
Considering direction (1, 0) from (7, 3)
Considering direction (-1, 0) from (7, 3)
	Checking out board[5][3], which has char _
	Checking out board[4][3], which has char _
	Checking out board[3][3], which has char _
	Checking out board[2][3], which has char _
	Checking out board[1][3], which has char r
Found a controlling piece: r
Considering direction (0, 1) from (7, 3)
	Checking out board[7][4], which has char N
Considering direction (0, -1) from (7, 3)
	Checking out board[7][2], which has char _
	Checking out board[7][1], which has char R

PieceType: knight
Possible Pieces:n
Considering direction (2, 1) from (7, 3)
Considering direction (2, -1) from (7, 3)
Considering direction (1, 2) from (7, 3)
Considering direction (1, -2) from (7, 3)
Considering direction (-2, 1) from (7, 3)
	Checking out board[5][4], which has char _
Considering direction (-2, -1) from (7, 3)
	Checking out board[5][2], which has char _
Considering direction (-1, 2) from (7, 3)
	Checking out board[6][5], which has char _
Considering direction (-1, -2) from (7, 3)
	Checking out board[6][1], which has char _

PieceType: diagonal
Possible Pieces:q
b
p
k
Considering direction (1, 1) from (7, 3)
Considering direction (-1, -1) from (7, 3)
	Checking out board[6][2], which has char P
Considering direction (1, -1) from (7, 3)
Considering direction (-1, 1) from (7, 3)
	Checking out board[6][4], which has char P

PieceType: grid
Possible Pieces:q
r
k
Considering direction (1, 0) from (5, 3)
	Checking out board[7][3], which has char _
Considering direction (-1, 0) from (5, 3)
	Checking out board[4][3], which has char _
	Checking out board[3][3], which has char _
	Checking out board[2][3], which has char _
	Checking out board[1][3], which has char r
Found a controlling piece: r
Considering direction (0, 1) from (5, 3)
	Checking out board[5][4], which has char _
	Checking out board[5][5], which has char _
	Checking out board[5][6], which has char _
	Checking out board[5][7], which has char _
Considering direction (0, -1) from (5, 3)
	Checking out board[5][2], which has char _
	Checking out board[5][1], which has char _
	Checking out board[5][0], which has char _

PieceType: knight
Possible Pieces:n
Considering direction (2, 1) from (5, 3)
	Checking out board[7][4], which has char N
Considering direction (2, -1) from (5, 3)
	Checking out board[7][2], which has char _
Considering direction (1, 2) from (5, 3)
	Checking out board[6][5], which has char _
Considering direction (1, -2) from (5, 3)
	Checking out board[6][1], which has char _
Considering direction (-2, 1) from (5, 3)
	Checking out board[3][4], which has char _
Considering direction (-2, -1) from (5, 3)
	Checking out board[3][2], which has char _
Considering direction (-1, 2) from (5, 3)
	Checking out board[4][5], which has char _
Considering direction (-1, -2) from (5, 3)
	Checking out board[4][1], which has char _

PieceType: diagonal
Possible Pieces:q
b
p
k
Considering direction (1, 1) from (5, 3)
	Checking out board[6][4], which has char P
Considering direction (-1, -1) from (5, 3)
	Checking out board[4][2], which has char _
	Checking out board[3][1], which has char b
Found a controlling piece: b
Considering direction (1, -1) from (5, 3)
	Checking out board[6][2], which has char P
Considering direction (-1, 1) from (5, 3)
	Checking out board[4][4], which has char _
	Checking out board[3][5], which has char _
	Checking out board[2][6], which has char _
	Checking out board[1][7], which has char _

PieceType: grid
Possible Pieces:q
r
k
Considering direction (1, 0) from (5, 2)
	Checking out board[6][2], which has char P
Considering direction (-1, 0) from (5, 2)
	Checking out board[4][2], which has char _
	Checking out board[3][2], which has char _
	Checking out board[2][2], which has char _
	Checking out board[1][2], which has char _
	Checking out board[0][2], which has char _
Considering direction (0, 1) from (5, 2)
	Checking out board[5][3], which has char _
	Checking out board[5][4], which has char _
	Checking out board[5][5], which has char _
	Checking out board[5][6], which has char _
	Checking out board[5][7], which has char _
Considering direction (0, -1) from (5, 2)
	Checking out board[5][1], which has char _
	Checking out board[5][0], which has char _

PieceType: knight
Possible Pieces:n
Considering direction (2, 1) from (5, 2)
	Checking out board[7][3], which has char _
Considering direction (2, -1) from (5, 2)
	Checking out board[7][1], which has char R
Considering direction (1, 2) from (5, 2)
	Checking out board[6][4], which has char P
Considering direction (1, -2) from (5, 2)
	Checking out board[6][0], which has char _
Considering direction (-2, 1) from (5, 2)
	Checking out board[3][3], which has char _
Considering direction (-2, -1) from (5, 2)
	Checking out board[3][1], which has char b
Considering direction (-1, 2) from (5, 2)
	Checking out board[4][4], which has char _
Considering direction (-1, -2) from (5, 2)
	Checking out board[4][0], which has char _

PieceType: diagonal
Possible Pieces:q
b
p
k
Considering direction (1, 1) from (5, 2)
	Checking out board[7][4], which has char N
Considering direction (-1, -1) from (5, 2)
	Checking out board[4][1], which has char _
	Checking out board[3][0], which has char _
Considering direction (1, -1) from (5, 2)
	Checking out board[6][1], which has char _
	Checking out board[7][0], which has char _
Considering direction (-1, 1) from (5, 2)
	Checking out board[4][3], which has char _
	Checking out board[3][4], which has char _
	Checking out board[2][5], which has char _
	Checking out board[1][6], which has char _
	Checking out board[0][7], which has char _
Free Pos For King at (5, 2)

PieceType: grid
Possible Pieces:q
r
k
Considering direction (1, 0) from (7, 2)
Considering direction (-1, 0) from (7, 2)
	Checking out board[6][2], which has char P
Considering direction (0, 1) from (7, 2)
	Checking out board[7][3], which has char _
	Checking out board[7][4], which has char N
Considering direction (0, -1) from (7, 2)
	Checking out board[7][1], which has char R

PieceType: knight
Possible Pieces:n
Considering direction (2, 1) from (7, 2)
Considering direction (2, -1) from (7, 2)
Considering direction (1, 2) from (7, 2)
Considering direction (1, -2) from (7, 2)
Considering direction (-2, 1) from (7, 2)
	Checking out board[5][3], which has char _
Considering direction (-2, -1) from (7, 2)
	Checking out board[5][1], which has char _
Considering direction (-1, 2) from (7, 2)
	Checking out board[6][4], which has char P
Considering direction (-1, -2) from (7, 2)
	Checking out board[6][0], which has char _

PieceType: diagonal
Possible Pieces:q
b
p
k
Considering direction (1, 1) from (7, 2)
Considering direction (-1, -1) from (7, 2)
	Checking out board[6][1], which has char _
	Checking out board[5][0], which has char _
Considering direction (1, -1) from (7, 2)
Considering direction (-1, 1) from (7, 2)
	Checking out board[5][4], which has char _
	Checking out board[4][5], which has char _
	Checking out board[3][6], which has char _
	Checking out board[2][7], which has char _
Free Pos For King at (7, 2)

PieceType: grid
Possible Pieces:q
r
k
Considering direction (1, 0) from (5, 4)
	Checking out board[6][4], which has char P
Considering direction (-1, 0) from (5, 4)
	Checking out board[4][4], which has char _
	Checking out board[3][4], which has char _
	Checking out board[2][4], which has char _
	Checking out board[1][4], which has char _
	Checking out board[0][4], which has char _
Considering direction (0, 1) from (5, 4)
	Checking out board[5][5], which has char _
	Checking out board[5][6], which has char _
	Checking out board[5][7], which has char _
Considering direction (0, -1) from (5, 4)
	Checking out board[5][3], which has char _
	Checking out board[5][2], which has char _
	Checking out board[5][1], which has char _
	Checking out board[5][0], which has char _

PieceType: knight
Possible Pieces:n
Considering direction (2, 1) from (5, 4)
	Checking out board[7][5], which has char _
Considering direction (2, -1) from (5, 4)
	Checking out board[7][3], which has char _
Considering direction (1, 2) from (5, 4)
	Checking out board[6][6], which has char _
Considering direction (1, -2) from (5, 4)
	Checking out board[6][2], which has char P
Considering direction (-2, 1) from (5, 4)
	Checking out board[3][5], which has char _
Considering direction (-2, -1) from (5, 4)
	Checking out board[3][3], which has char _
Considering direction (-1, 2) from (5, 4)
	Checking out board[4][6], which has char _
Considering direction (-1, -2) from (5, 4)
	Checking out board[4][2], which has char _

PieceType: diagonal
Possible Pieces:q
b
p
k
Considering direction (1, 1) from (5, 4)
	Checking out board[6][5], which has char _
	Checking out board[7][6], which has char _
Considering direction (-1, -1) from (5, 4)
	Checking out board[4][3], which has char _
	Checking out board[3][2], which has char _
	Checking out board[2][1], which has char _
	Checking out board[1][0], which has char _
Considering direction (1, -1) from (5, 4)
	Checking out board[7][2], which has char _
Considering direction (-1, 1) from (5, 4)
	Checking out board[4][5], which has char _
	Checking out board[3][6], which has char _
	Checking out board[2][7], which has char _
Free Pos For King at (5, 4)
!!!!!!!Positions Checking King And Pins!!!!!

PieceType: grid
Possible Pieces:q
r
Considering direction (1, 0) from (6, 3)
	Checking out board[7][3], which has char _
Considering direction (-1, 0) from (6, 3)
	Checking out board[5][3], which has char _
	Checking out board[4][3], which has char _
	Checking out board[3][3], which has char _
	Checking out board[2][3], which has char _
	Checking out board[1][3], which has char r
Found a controlling piece: r
Considering direction (0, 1) from (6, 3)
	Checking out board[6][4], which has char P
Pinned one!
	Checking out board[6][5], which has char _
	Checking out board[6][6], which has char _
	Checking out board[6][7], which has char _
Considering direction (0, -1) from (6, 3)
	Checking out board[6][2], which has char P
Pinned one!
	Checking out board[6][1], which has char _
	Checking out board[6][0], which has char _

PieceType: knight
Possible Pieces:n
Considering direction (2, 1) from (6, 3)
Considering direction (2, -1) from (6, 3)
Considering direction (1, 2) from (6, 3)
	Checking out board[7][5], which has char _
Considering direction (1, -2) from (6, 3)
	Checking out board[7][1], which has char R
Considering direction (-2, 1) from (6, 3)
	Checking out board[4][4], which has char _
Considering direction (-2, -1) from (6, 3)
	Checking out board[4][2], which has char _
Considering direction (-1, 2) from (6, 3)
	Checking out board[5][5], which has char _
Considering direction (-1, -2) from (6, 3)
	Checking out board[5][1], which has char _

PieceType: diagonal
Possible Pieces:q
b
p
Considering direction (1, 1) from (6, 3)
	Checking out board[7][4], which has char N
Pinned one!
Considering direction (-1, -1) from (6, 3)
	Checking out board[5][2], which has char _
	Checking out board[4][1], which has char _
	Checking out board[3][0], which has char _
Considering direction (1, -1) from (6, 3)
	Checking out board[7][2], which has char _
Considering direction (-1, 1) from (6, 3)
	Checking out board[5][4], which has char _
	Checking out board[4][5], which has char _
	Checking out board[3][6], which has char _
	Checking out board[2][7], which has char _
	Checking King from (1, 3)
!!!!!!Tryna Eat!!!!!!!!!

PieceType: grid
Possible Pieces:Q
R
Considering direction (1, 0) from (1, 3)
	Checking out board[2][3], which has char _
	Checking out board[3][3], which has char _
	Checking out board[4][3], which has char _
	Checking out board[5][3], which has char _
	Checking out board[6][3], which has char K
Considering direction (-1, 0) from (1, 3)
	Checking out board[0][3], which has char _
Considering direction (0, 1) from (1, 3)
	Checking out board[1][4], which has char _
	Checking out board[1][5], which has char _
	Checking out board[1][6], which has char _
	Checking out board[1][7], which has char _
Considering direction (0, -1) from (1, 3)
	Checking out board[1][2], which has char _
	Checking out board[1][1], which has char _
	Checking out board[1][0], which has char _

PieceType: knight
Possible Pieces:N
Considering direction (2, 1) from (1, 3)
	Checking out board[3][4], which has char _
Considering direction (2, -1) from (1, 3)
	Checking out board[3][2], which has char _
Considering direction (1, 2) from (1, 3)
	Checking out board[2][5], which has char _
Considering direction (1, -2) from (1, 3)
	Checking out board[2][1], which has char _
Considering direction (-2, 1) from (1, 3)
Considering direction (-2, -1) from (1, 3)
Considering direction (-1, 2) from (1, 3)
	Checking out board[0][5], which has char _
Considering direction (-1, -2) from (1, 3)
	Checking out board[0][1], which has char _

PieceType: diagonal
Possible Pieces:Q
B
P
Considering direction (1, 1) from (1, 3)
	Checking out board[2][4], which has char _
	Checking out board[3][5], which has char _
	Checking out board[4][6], which has char _
	Checking out board[5][7], which has char _
Considering direction (-1, -1) from (1, 3)
	Checking out board[0][2], which has char _
Considering direction (1, -1) from (1, 3)
	Checking out board[2][2], which has char _
	Checking out board[3][1], which has char b
Considering direction (-1, 1) from (1, 3)
	Checking out board[0][4], which has char _
!!!!!!Tryna Block!!!!!!!!!
StartPos: (6, 3)
EndPos: (1, 3)
Iterating til EndPos: (1, 3)
Blocking at pos (5, 3)

PieceType: grid
Possible Pieces:Q
R
P
Considering direction (1, 0) from (5, 3)
	Checking out board[6][3], which has char K
Considering direction (-1, 0) from (5, 3)
	Checking out board[4][3], which has char _
	Checking out board[3][3], which has char _
	Checking out board[2][3], which has char _
	Checking out board[1][3], which has char r
Considering direction (0, 1) from (5, 3)
	Checking out board[5][4], which has char _
	Checking out board[5][5], which has char _
	Checking out board[5][6], which has char _
	Checking out board[5][7], which has char _
Considering direction (0, -1) from (5, 3)
	Checking out board[5][2], which has char _
	Checking out board[5][1], which has char _
	Checking out board[5][0], which has char _

PieceType: knight
Possible Pieces:N
Considering direction (2, 1) from (5, 3)
	Checking out board[7][4], which has char N
Found a controlling piece: N
Considering direction (2, -1) from (5, 3)
	Checking out board[7][2], which has char _
Considering direction (1, 2) from (5, 3)
	Checking out board[6][5], which has char _
Considering direction (1, -2) from (5, 3)
	Checking out board[6][1], which has char _
Considering direction (-2, 1) from (5, 3)
	Checking out board[3][4], which has char _
Considering direction (-2, -1) from (5, 3)
	Checking out board[3][2], which has char _
Considering direction (-1, 2) from (5, 3)
	Checking out board[4][5], which has char _
Considering direction (-1, -2) from (5, 3)
	Checking out board[4][1], which has char _

PieceType: diagonal
Possible Pieces:Q
B
Considering direction (1, 1) from (5, 3)
	Checking out board[6][4], which has char P
Considering direction (-1, -1) from (5, 3)
	Checking out board[4][2], which has char _
	Checking out board[3][1], which has char b
Considering direction (1, -1) from (5, 3)
	Checking out board[6][2], which has char P
Considering direction (-1, 1) from (5, 3)
	Checking out board[4][4], which has char _
	Checking out board[3][5], which has char _
	Checking out board[2][6], which has char _
	Checking out board[1][7], which has char _
Blocking at pos (4, 3)

PieceType: grid
Possible Pieces:Q
R
P
Considering direction (1, 0) from (4, 3)
	Checking out board[5][3], which has char _
	Checking out board[6][3], which has char K
Considering direction (-1, 0) from (4, 3)
	Checking out board[3][3], which has char _
	Checking out board[2][3], which has char _
	Checking out board[1][3], which has char r
Considering direction (0, 1) from (4, 3)
	Checking out board[4][4], which has char _
	Checking out board[4][5], which has char _
	Checking out board[4][6], which has char _
	Checking out board[4][7], which has char _
Considering direction (0, -1) from (4, 3)
	Checking out board[4][2], which has char _
	Checking out board[4][1], which has char _
	Checking out board[4][0], which has char _

PieceType: knight
Possible Pieces:N
Considering direction (2, 1) from (4, 3)
	Checking out board[6][4], which has char P
Considering direction (2, -1) from (4, 3)
	Checking out board[6][2], which has char P
Considering direction (1, 2) from (4, 3)
	Checking out board[5][5], which has char _
Considering direction (1, -2) from (4, 3)
	Checking out board[5][1], which has char _
Considering direction (-2, 1) from (4, 3)
	Checking out board[2][4], which has char _
Considering direction (-2, -1) from (4, 3)
	Checking out board[2][2], which has char _
Considering direction (-1, 2) from (4, 3)
	Checking out board[3][5], which has char _
Considering direction (-1, -2) from (4, 3)
	Checking out board[3][1], which has char b

PieceType: diagonal
Possible Pieces:Q
B
Considering direction (1, 1) from (4, 3)
	Checking out board[5][4], which has char _
	Checking out board[6][5], which has char _
	Checking out board[7][6], which has char _
Considering direction (-1, -1) from (4, 3)
	Checking out board[3][2], which has char _
	Checking out board[2][1], which has char _
	Checking out board[1][0], which has char _
Considering direction (1, -1) from (4, 3)
	Checking out board[5][2], which has char _
	Checking out board[6][1], which has char _
	Checking out board[7][0], which has char _
Considering direction (-1, 1) from (4, 3)
	Checking out board[3][4], which has char _
	Checking out board[2][5], which has char _
	Checking out board[1][6], which has char _
	Checking out board[0][7], which has char _
Blocking at pos (3, 3)

PieceType: grid
Possible Pieces:Q
R
P
Considering direction (1, 0) from (3, 3)
	Checking out board[4][3], which has char _
	Checking out board[5][3], which has char _
	Checking out board[6][3], which has char K
Considering direction (-1, 0) from (3, 3)
	Checking out board[2][3], which has char _
	Checking out board[1][3], which has char r
Considering direction (0, 1) from (3, 3)
	Checking out board[3][4], which has char _
	Checking out board[3][5], which has char _
	Checking out board[3][6], which has char _
	Checking out board[3][7], which has char _
Considering direction (0, -1) from (3, 3)
	Checking out board[3][2], which has char _
	Checking out board[3][1], which has char b

PieceType: knight
Possible Pieces:N
Considering direction (2, 1) from (3, 3)
	Checking out board[5][4], which has char _
Considering direction (2, -1) from (3, 3)
	Checking out board[5][2], which has char _
Considering direction (1, 2) from (3, 3)
	Checking out board[4][5], which has char _
Considering direction (1, -2) from (3, 3)
	Checking out board[4][1], which has char _
Considering direction (-2, 1) from (3, 3)
	Checking out board[1][4], which has char _
Considering direction (-2, -1) from (3, 3)
	Checking out board[1][2], which has char _
Considering direction (-1, 2) from (3, 3)
	Checking out board[2][5], which has char _
Considering direction (-1, -2) from (3, 3)
	Checking out board[2][1], which has char _

PieceType: diagonal
Possible Pieces:Q
B
Considering direction (1, 1) from (3, 3)
	Checking out board[4][4], which has char _
	Checking out board[5][5], which has char _
	Checking out board[6][6], which has char _
	Checking out board[7][7], which has char _
Considering direction (-1, -1) from (3, 3)
	Checking out board[2][2], which has char _
	Checking out board[1][1], which has char _
	Checking out board[0][0], which has char _
Considering direction (1, -1) from (3, 3)
	Checking out board[4][2], which has char _
	Checking out board[5][1], which has char _
	Checking out board[6][0], which has char _
Considering direction (-1, 1) from (3, 3)
	Checking out board[2][4], which has char _
	Checking out board[1][5], which has char _
	Checking out board[0][6], which has char _
Blocking at pos (2, 3)

PieceType: grid
Possible Pieces:Q
R
P
Considering direction (1, 0) from (2, 3)
	Checking out board[3][3], which has char _
	Checking out board[4][3], which has char _
	Checking out board[5][3], which has char _
	Checking out board[6][3], which has char K
Considering direction (-1, 0) from (2, 3)
	Checking out board[1][3], which has char r
Considering direction (0, 1) from (2, 3)
	Checking out board[2][4], which has char _
	Checking out board[2][5], which has char _
	Checking out board[2][6], which has char _
	Checking out board[2][7], which has char _
Considering direction (0, -1) from (2, 3)
	Checking out board[2][2], which has char _
	Checking out board[2][1], which has char _
	Checking out board[2][0], which has char _

PieceType: knight
Possible Pieces:N
Considering direction (2, 1) from (2, 3)
	Checking out board[4][4], which has char _
Considering direction (2, -1) from (2, 3)
	Checking out board[4][2], which has char _
Considering direction (1, 2) from (2, 3)
	Checking out board[3][5], which has char _
Considering direction (1, -2) from (2, 3)
	Checking out board[3][1], which has char b
Considering direction (-2, 1) from (2, 3)
	Checking out board[0][4], which has char _
Considering direction (-2, -1) from (2, 3)
	Checking out board[0][2], which has char _
Considering direction (-1, 2) from (2, 3)
	Checking out board[1][5], which has char _
Considering direction (-1, -2) from (2, 3)
	Checking out board[1][1], which has char _

PieceType: diagonal
Possible Pieces:Q
B
Considering direction (1, 1) from (2, 3)
	Checking out board[3][4], which has char _
	Checking out board[4][5], which has char _
	Checking out board[5][6], which has char _
	Checking out board[6][7], which has char _
Considering direction (-1, -1) from (2, 3)
	Checking out board[1][2], which has char _
	Checking out board[0][1], which has char _
Considering direction (1, -1) from (2, 3)
	Checking out board[3][2], which has char _
	Checking out board[4][1], which has char _
	Checking out board[5][0], which has char _
Considering direction (-1, 1) from (2, 3)
	Checking out board[1][4], which has char _
	Checking out board[0][5], which has char _
_ _ _ _ _ _ _ _ 
_ _ _ r _ _ _ _ 
_ _ _ _ _ _ _ _ 
_ b _ _ _ _ _ _ 
_ _ _ _ _ _ _ _ 
_ _ K _ _ _ _ _ 
_ _ P _ P _ _ _ 
_ R _ _ N _ _ _ 

_ _ _ _ _ _ _ _ 
_ _ _ r _ _ _ _ 
_ _ _ _ _ _ _ _ 
_ b _ _ _ _ _ _ 
_ _ _ _ _ _ _ _ 
_ _ _ _ _ _ _ _ 
_ _ P _ P _ _ _ 
_ R K _ N _ _ _ 

_ _ _ _ _ _ _ _ 
_ _ _ r _ _ _ _ 
_ _ _ _ _ _ _ _ 
_ b _ _ _ _ _ _ 
_ _ _ _ _ _ _ _ 
_ _ _ _ K _ _ _ 
_ _ P _ P _ _ _ 
_ R _ _ N _ _ _ 

_ _ _ _ _ _ _ _ 
_ _ _ r _ _ _ _ 
_ _ _ _ _ _ _ _ 
_ b _ _ _ _ _ _ 
_ _ _ _ _ _ _ _ 
_ _ _ N _ _ _ _ 
_ _ P K P _ _ _ 
_ R _ _ _ _ _ _ 

